This is pdfTeX, Version 3.14159265-2.6-1.40.20 (MiKTeX 2.9.7140 64-bit) (preloaded format=pdflatex 2019.8.30)  2 SEP 2019 09:31
entering extended mode
**./3-04.tikz
(3-04.tikz
LaTeX2e <2018-12-01>

! LaTeX Error: File `standalone.cls' not found.

Type X to quit or <RETURN> to proceed,
or enter new name. (Default extension: cls)

Enter file name: 
! Emergency stop.
<read *> 
         
l.3 \usepackage
               {tikz}
End of file on the terminal!

 
Here is how much of TeX's memory you used:
 13 strings out of 492895
 316 string characters out of 3139981
 57258 words of memory out of 3000000
 4026 multiletter control sequences out of 15000+200000
 3640 words of font info for 14 fonts, out of 3000000 for 9000
 1141 hyphenation exceptions out of 8191
 10i,0n,8p,58b,8s stack positions out of 5000i,500n,10000p,200000b,50000s
!  ==> Fatal error occurred, no output PDF file produced!
